This is XeTeX, Version 3.1415926-2.5-0.9999.3 (TeX Live 2013/Debian) (format=xetex 2016.5.2)  22 MAY 2016 21:24
entering extended mode
 restricted \write18 enabled.
 %&-line parsing enabled.
**relatorio.tex
(./relatorio.tex
! Undefined control sequence.
l.1 \documentclass
                  [12pt]{article}
? 
! Undefined control sequence.
l.3 \usepackage
               {sbc-template}
? 
! Undefined control sequence.
l.4 \usepackage
               {graphicx,url}
? 
! Undefined control sequence.
l.5 \usepackage
               [brazil]{babel}
? 
! Undefined control sequence.
l.6 \usepackage
               [latin1]{inputenc}
? 
! Undefined control sequence.
l.7 \usepackage
               {lscape}
? 
! Undefined control sequence.
l.8 \usepackage
               {geometry}
? 
! Undefined control sequence.
l.9 \usepackage
               {float}
? 
! Undefined control sequence.
l.10 \usepackage
                {algorithm2e}
? 
! Undefined control sequence.
l.11 \usepackage
                {multicol}
? 
! Undefined control sequence.
l.12 \usepackage
                {amsmath}
? 
! Undefined control sequence.
l.13 \usepackage
                {amsfonts}
? 
! Undefined control sequence.
l.14 \usepackage
                {amssymb}
? 
! Undefined control sequence.
l.15 \usepackage
                {makeidx}
? 
! Undefined control sequence.
l.16 \usepackage
                {graphicx}
? 
! Undefined control sequence.
l.17 \usepackage
                {lmodern}
? 
! Undefined control sequence.
l.18 \usepackage
                {enumerate}
? 
! Undefined control sequence.
l.19 \usepackage
                {latexsym}
? 
! Undefined control sequence.
l.20 \usepackage
                {longtable}
? 
! Undefined control sequence.
l.21 \usepackage
                [all]{xy}
? 
! Undefined control sequence.
l.22 \usepackage
                {float}
? 
! Undefined control sequence.
l.23 \usepackage
                {lscape}
? 
! Undefined control sequence.
l.24 \usepackage
                {mathrsfs}
? 
! Undefined control sequence.
l.25 \usepackage
                {fancyhdr}
? 
! Undefined control sequence.
l.26 \usepackage
                {boxedminipage}
? 
! Undefined control sequence.
l.27 \usepackage
                {enumitem}
? 

Overfull \hbox (2.46826pt too wide) in paragraph at lines 3--28
\tenrm math ams-fonts amssymb makeidx graph-icx lmod-ern enu-mer-ate la-texsym 
longtable [all]xy float lscape mathrsfs|

\hbox(7.5+2.5)x469.75499, glue set - 1.0
.\tenrm m
.\tenrm a
.\tenrm t
.\tenrm h
.\glue 3.33333 plus 1.66666 minus 1.11111
.etc.

! Undefined control sequence.
l.30 \sloppy
            
? 
! Undefined control sequence.
l.32 \title
           {Implementação do algoritmo k-NN}
? 
Missing character: There is no ç in font cmr10!
Missing character: There is no ã in font cmr10!
! Undefined control sequence.
l.34 \author
            {Marco Cezar Moreira de Mattos\inst{1}, Rômulo Manciola Meloca\...

? 
! Undefined control sequence.
l.34 \author{Marco Cezar Moreira de Mattos\inst
                                               {1}, Rômulo Manciola Meloca\...

? 
Missing character: There is no ô in font cmr10!
! Undefined control sequence.
l.34 ...ttos\inst{1}, Rômulo Manciola Meloca\inst
                                                  {1}}
? 
! Undefined control sequence.
l.36 \address
             {DACOM -- Universidade Tecnológica Federal do Paraná (UTFPR)\\
? 
Missing character: There is no ó in font cmr10!
Missing character: There is no á in font cmr10!
! Argument of \\ has an extra }.
<inserted text> 
                \par 
<to be read again> 
                   }
l.39 }
      
? 
Runaway argument?
 Caixa Postal 271 -- 87301-899 -- Campo Mourão -- PR -- Brazil \email \ETC.
! Paragraph ended before \\ was complete.
<to be read again> 
                   \par 
<to be read again> 
                   }
l.39 }
      
? 
! Undefined control sequence.
l.41 \begin
           {document}
? 
! Undefined control sequence.
l.43 ^^I\maketitle
                  
? 
! Undefined control sequence.
l.45 ^^I\begin
              {resumo}
? 
[1] )
Output written on relatorio.pdf (1 page).
